<?xml version="1.0" encoding="UTF-8"?>
<!-- Generated by org.testng.reporters.JUnitReportReporter -->
<testsuite hostname="LAPTOP-B6MQFRDE" failures="0" tests="1" name="demoProject.Demoproject.tester1" time="0.014" errors="0" timestamp="2022-12-14T06:07:47 EST" skipped="0">
  <testcase classname="demoProject.Demoproject.tester1" name="demo1" time="0.014"/>
  <system-out/>
</testsuite> <!-- demoProject.Demoproject.tester1 -->
